#
# There is insufficient memory for the Java Runtime Environment to continue.
# Native memory allocation (malloc) failed to allocate 1048576 bytes for AllocateHeap
# Possible reasons:
#   The system is out of physical RAM or swap space
#   The process is running with CompressedOops enabled, and the Java Heap may be blocking the growth of the native heap
# Possible solutions:
#   Reduce memory load on the system
#   Increase physical memory or swap space
#   Check if swap backing store is full
#   Decrease Java heap size (-Xmx/-Xms)
#   Decrease number of Java threads
#   Decrease Java thread stack sizes (-Xss)
#   Set larger code cache with -XX:ReservedCodeCacheSize=
#   JVM is running with Unscaled Compressed Oops mode in which the Java heap is
#     placed in the first 4GB address space. The Java Heap base address is the
#     maximum limit for the native heap growth. Please use -XX:HeapBaseMinAddress
#     to set the Java Heap base and to place the Java Heap above 4GB virtual address.
# This output file may be truncated or incomplete.
#
#  Out of Memory Error (allocation.cpp:44), pid=21156, tid=20324
#
# JRE version:  (17.0.2+8) (build )
# Java VM: Java HotSpot(TM) 64-Bit Server VM (17.0.2+8-LTS-86, mixed mode, sharing, tiered, compressed oops, compressed class ptrs, g1 gc, windows-amd64)
# No core dump will be written. Minidumps are not enabled by default on client versions of Windows
#

---------------  S U M M A R Y ------------

Command Line: -Dfile.encoding=Cp1252 --module-path=E:\Java\All Java Project\mysql-connector-java-8.0.28.jar -XX:+ShowCodeDetailsInExceptionMessages Source_package.detailsClient

Host: Intel(R) Core(TM) i5-8265U CPU @ 1.60GHz, 8 cores, 3G,  Windows 11 , 64 bit Build 22000 (10.0.22000.708)
Time: Wed Jul 20 11:53:41 2022 Bangladesh Standard Time elapsed time: 0.046275 seconds (0d 0h 0m 0s)

---------------  T H R E A D  ---------------

Current thread (0x0000020e4ca001c0):  JavaThread "Unknown thread" [_thread_in_vm, id=20324, stack(0x000000800b700000,0x000000800b800000)]

Stack: [0x000000800b700000,0x000000800b800000]
Native frames: (J=compiled Java code, j=interpreted, Vv=VM code, C=native code)
V  [jvm.dll+0x670baa]
V  [jvm.dll+0x7cfcb4]
V  [jvm.dll+0x7d145e]
V  [jvm.dll+0x7d1ac3]
V  [jvm.dll+0x242bc5]
V  [jvm.dll+0xa4b93]
V  [jvm.dll+0x2e0f37]
V  [jvm.dll+0x2d8e0b]
V  [jvm.dll+0x7a18c1]
V  [jvm.dll+0x365a91]
V  [jvm.dll+0x780d2c]
V  [jvm.dll+0x3e845f]
V  [jvm.dll+0x3e9f01]
C  [jli.dll+0x527b]
C  [ucrtbase.dll+0x26c0c]
C  [KERNEL32.DLL+0x154e0]
C  [ntdll.dll+0x485b]


---------------  P R O C E S S  ---------------

Threads class SMR info:
_java_thread_list=0x00007ffd7cea9858, length=0, elements={
}

Java Threads: ( => current thread )

Other Threads:
  0x0000020e4ca2b930 GCTaskThread "GC Thread#0" [stack: 0x000000800b800000,0x000000800b900000] [id=20864]

[error occurred during error reporting (printing all threads), id 0xc0000005, EXCEPTION_ACCESS_VIOLATION (0xc0000005) at pc=0x00007ffd7c6f5e80]

VM state: not at safepoint (not fully initialized)

VM Mutex/Monitor currently owned by a thread:  ([mutex/lock_event])
[0x0000020e4c9ff1c0] Heap_lock - owner thread: 0x0000020e4ca001c0

Heap address: 0x00000000c2400000, size: 988 MB, Compressed Oops mode: 32-bit

CDS archive(s) mapped at: [0x0000000000000000-0x0000000000000000-0x0000000000000000), size 0, SharedBaseAddress: 0x0000000800000000, ArchiveRelocationMode: 0.
Narrow klass base: 0x0000000000000000, Narrow klass shift: 0, Narrow klass range: 0x0

GC Precious Log:
<Empty>

Heap:
 garbage-first heap   total 0K, used 0K [0x00000000c2400000, 0x0000000100000000)
  region size 1024K, 0 young (0K), 0 survivors (0K)

[error occurred during error reporting (printing heap information), id 0xc0000005, EXCEPTION_ACCESS_VIOLATION (0xc0000005) at pc=0x00007ffd7cad9f19]

GC Heap History (0 events):
No events

Deoptimization events (0 events):
No events

Classes unloaded (0 events):
No events

Classes redefined (0 events):
No events

Internal exceptions (0 events):
No events

VM Operations (0 events):
No events

Events (1 events):
Event: 0.020 Loaded shared library C:\Program Files\Java\jdk-17.0.2\bin\java.dll


Dynamic libraries:
0x00007ff6b6ba0000 - 0x00007ff6b6bb0000 	C:\Program Files\Java\jdk-17.0.2\bin\javaw.exe
0x00007ffdb7940000 - 0x00007ffdb7b49000 	C:\WINDOWS\SYSTEM32\ntdll.dll
0x00007ffdb64c0000 - 0x00007ffdb657d000 	C:\WINDOWS\System32\KERNEL32.DLL
0x00007ffdb4e90000 - 0x00007ffdb5209000 	C:\WINDOWS\System32\KERNELBASE.dll
0x0000000051250000 - 0x00000000512f6000 	C:\WINDOWS\System32\SYSFER.DLL
0x00007ffdb5210000 - 0x00007ffdb5321000 	C:\WINDOWS\System32\ucrtbase.dll
0x00007ffdad340000 - 0x00007ffdad358000 	C:\Program Files\Java\jdk-17.0.2\bin\jli.dll
0x00007ffdb6360000 - 0x00007ffdb640e000 	C:\WINDOWS\System32\ADVAPI32.dll
0x00007ffdad360000 - 0x00007ffdad37a000 	C:\Program Files\Java\jdk-17.0.2\bin\VCRUNTIME140.dll
0x00007ffdb6410000 - 0x00007ffdb64b3000 	C:\WINDOWS\System32\msvcrt.dll
0x00007ffdb6950000 - 0x00007ffdb69ee000 	C:\WINDOWS\System32\sechost.dll
0x00007ffdb77e0000 - 0x00007ffdb7900000 	C:\WINDOWS\System32\RPCRT4.dll
0x00007ffdb6be0000 - 0x00007ffdb6d8c000 	C:\WINDOWS\System32\USER32.dll
0x00007ffdb5450000 - 0x00007ffdb5476000 	C:\WINDOWS\System32\win32u.dll
0x00007ffdb57d0000 - 0x00007ffdb57f9000 	C:\WINDOWS\System32\GDI32.dll
0x00007ffdb3f80000 - 0x00007ffdb4225000 	C:\WINDOWS\WinSxS\amd64_microsoft.windows.common-controls_6595b64144ccf1df_6.0.22000.120_none_9d947278b86cc467\COMCTL32.dll
0x00007ffdb5540000 - 0x00007ffdb5652000 	C:\WINDOWS\System32\gdi32full.dll
0x00007ffdb53b0000 - 0x00007ffdb544d000 	C:\WINDOWS\System32\msvcp_win.dll
0x00007ffdac450000 - 0x00007ffdac45a000 	C:\WINDOWS\SYSTEM32\VERSION.dll
0x00007ffdb6e90000 - 0x00007ffdb6ec1000 	C:\WINDOWS\System32\IMM32.DLL
0x00007ffdae210000 - 0x00007ffdae21c000 	C:\Program Files\Java\jdk-17.0.2\bin\vcruntime140_1.dll
0x00007ffd8e690000 - 0x00007ffd8e71d000 	C:\Program Files\Java\jdk-17.0.2\bin\msvcp140.dll
0x00007ffd7c410000 - 0x00007ffd7cfd1000 	C:\Program Files\Java\jdk-17.0.2\bin\server\jvm.dll
0x00007ffdb6f30000 - 0x00007ffdb6f38000 	C:\WINDOWS\System32\PSAPI.DLL
0x00007ffd9efc0000 - 0x00007ffd9efc9000 	C:\WINDOWS\SYSTEM32\WSOCK32.dll
0x00007ffdb69f0000 - 0x00007ffdb6a5f000 	C:\WINDOWS\System32\WS2_32.dll
0x00007ffdaea40000 - 0x00007ffdaea73000 	C:\WINDOWS\SYSTEM32\WINMM.dll
0x00007ffdb3c70000 - 0x00007ffdb3c88000 	C:\WINDOWS\SYSTEM32\kernel.appcore.dll
0x00007ffd9efb0000 - 0x00007ffd9efba000 	C:\Program Files\Java\jdk-17.0.2\bin\jimage.dll
0x00007ffdb4740000 - 0x00007ffdb4961000 	C:\WINDOWS\SYSTEM32\DBGHELP.DLL
0x00007ffdb42e0000 - 0x00007ffdb4311000 	C:\WINDOWS\SYSTEM32\dbgcore.DLL
0x00007ffdb5330000 - 0x00007ffdb53af000 	C:\WINDOWS\System32\bcryptPrimitives.dll
0x00007ffd9ef80000 - 0x00007ffd9efa5000 	C:\Program Files\Java\jdk-17.0.2\bin\java.dll

dbghelp: loaded successfully - version: 4.0.5 - missing functions: none
symbol engine: initialized successfully - sym options: 0x614 - pdb path: .;C:\Program Files\Java\jdk-17.0.2\bin;C:\WINDOWS\SYSTEM32;C:\WINDOWS\WinSxS\amd64_microsoft.windows.common-controls_6595b64144ccf1df_6.0.22000.120_none_9d947278b86cc467;C:\Program Files\Java\jdk-17.0.2\bin\server

VM Arguments:
jvm_args: -Dfile.encoding=Cp1252 --module-path=E:\Java\All Java Project\mysql-connector-java-8.0.28.jar -XX:+ShowCodeDetailsInExceptionMessages 
java_command: Source_package.detailsClient
java_class_path (initial): E:\Java\All Java Project\final spl\bin
Launcher Type: SUN_STANDARD

[Global flags]
     intx CICompilerCount                          = 4                                         {product} {ergonomic}
     uint ConcGCThreads                            = 2                                         {product} {ergonomic}
     uint G1ConcRefinementThreads                  = 8                                         {product} {ergonomic}
   size_t G1HeapRegionSize                         = 1048576                                   {product} {ergonomic}
    uintx GCDrainStackTargetSize                   = 64                                        {product} {ergonomic}
   size_t InitialHeapSize                          = 65011712                                  {product} {ergonomic}
   size_t MarkStackSize                            = 4194304                                   {product} {ergonomic}
   size_t MaxHeapSize                              = 1035993088                                {product} {ergonomic}
   size_t MinHeapDeltaBytes                        = 1048576                                   {product} {ergonomic}
   size_t MinHeapSize                              = 8388608                                   {product} {ergonomic}
    uintx NonNMethodCodeHeapSize                   = 5839372                                {pd product} {ergonomic}
    uintx NonProfiledCodeHeapSize                  = 122909434                              {pd product} {ergonomic}
    uintx ProfiledCodeHeapSize                     = 122909434                              {pd product} {ergonomic}
    uintx ReservedCodeCacheSize                    = 251658240                              {pd product} {ergonomic}
     bool SegmentedCodeCache                       = true                                      {product} {ergonomic}
     bool ShowCodeDetailsInExceptionMessages       = true                                   {manageable} {command line}
   size_t SoftMaxHeapSize                          = 1035993088                             {manageable} {ergonomic}
     bool UseCompressedClassPointers               = true                           {product lp64_product} {ergonomic}
     bool UseCompressedOops                        = true                           {product lp64_product} {ergonomic}
     bool UseG1GC                                  = true                                      {product} {ergonomic}
     bool UseLargePagesIndividualAllocation        = false                                  {pd product} {ergonomic}

Logging:
Log output configuration:
 #0: stdout all=warning uptime,level,tags
 #1: stderr all=off uptime,level,tags

Environment Variables:
JAVA_HOME=C:\Program Files\Java\jdk-17.0.2
PATH=C:\Program Files\Common Files\Oracle\Java\javapath;C:\WINDOWS\system32;C:\WINDOWS;C:\WINDOWS\System32\Wbem;C:\WINDOWS\System32\WindowsPowerShell\v1.0\;C:\WINDOWS\System32\OpenSSH\;C:\maven\apache-maven-3.8.4\bin;C:\Program Files\Java\jdk-17.0.2\bin;C:\Program Files\Git\cmd;C:\Program Files\MySQL\MySQL Shell 8.0\bin\;C:\Users\JAKARIA\AppData\Local\Microsoft\WindowsApps;;C:\Users\JAKARIA\AppData\Local\Programs\Microsoft VS Code\bin
USERNAME=JAKARIA
OS=Windows_NT
PROCESSOR_IDENTIFIER=Intel64 Family 6 Model 142 Stepping 11, GenuineIntel



---------------  S Y S T E M  ---------------

OS:
 Windows 11 , 64 bit Build 22000 (10.0.22000.708)
OS uptime: 0 days 2:18 hours

CPU: total 8 (initial active 8) (4 cores per cpu, 2 threads per core) family 6 model 142 stepping 11 microcode 0xea, cx8, cmov, fxsr, ht, mmx, 3dnowpref, sse, sse2, sse3, ssse3, sse4.1, sse4.2, popcnt, lzcnt, tsc, tscinvbit, avx, avx2, aes, erms, clmul, bmi1, bmi2, adx, fma, vzeroupper, clflush, clflushopt

Memory: 4k page, system-wide physical 3947M (426M free)
TotalPageFile size 16235M (AvailPageFile size 107M)
current process WorkingSet (physical memory assigned to process): 10M, peak: 10M
current process commit charge ("private bytes"): 55M, peak: 56M

vm_info: Java HotSpot(TM) 64-Bit Server VM (17.0.2+8-LTS-86) for windows-amd64 JRE (17.0.2+8-LTS-86), built on Dec  7 2021 21:51:03 by "mach5one" with MS VC++ 16.8 / 16.9 (VS2019)

END.
