#
# There is insufficient memory for the Java Runtime Environment to continue.
# Native memory allocation (mmap) failed to map 65536 bytes for Failed to commit metaspace.
# Possible reasons:
#   The system is out of physical RAM or swap space
#   The process is running with CompressedOops enabled, and the Java Heap may be blocking the growth of the native heap
# Possible solutions:
#   Reduce memory load on the system
#   Increase physical memory or swap space
#   Check if swap backing store is full
#   Decrease Java heap size (-Xmx/-Xms)
#   Decrease number of Java threads
#   Decrease Java thread stack sizes (-Xss)
#   Set larger code cache with -XX:ReservedCodeCacheSize=
#   JVM is running with Unscaled Compressed Oops mode in which the Java heap is
#     placed in the first 4GB address space. The Java Heap base address is the
#     maximum limit for the native heap growth. Please use -XX:HeapBaseMinAddress
#     to set the Java Heap base and to place the Java Heap above 4GB virtual address.
# This output file may be truncated or incomplete.
#
#  Out of Memory Error (virtualSpaceNode.cpp:110), pid=15116, tid=18620
#
# JRE version: Java(TM) SE Runtime Environment (17.0.2+8) (build 17.0.2+8-LTS-86)
# Java VM: Java HotSpot(TM) 64-Bit Server VM (17.0.2+8-LTS-86, mixed mode, sharing, tiered, compressed oops, compressed class ptrs, g1 gc, windows-amd64)
# No core dump will be written. Minidumps are not enabled by default on client versions of Windows
#

---------------  S U M M A R Y ------------

Command Line: -Dfile.encoding=Cp1252 --module-path=E:\Java\All Java Project\mysql-connector-java-8.0.28.jar -XX:+ShowCodeDetailsInExceptionMessages Source_package.detailsClient

Host: Intel(R) Core(TM) i5-8265U CPU @ 1.60GHz, 8 cores, 3G,  Windows 11 , 64 bit Build 22000 (10.0.22000.708)
Time: Wed Jul 20 11:52:21 2022 Bangladesh Standard Time elapsed time: 0.359809 seconds (0d 0h 0m 0s)

---------------  T H R E A D  ---------------

Current thread (0x0000024f6a82e9f0):  JavaThread "main" [_thread_in_vm, id=18620, stack(0x000000e808c00000,0x000000e808d00000)]

Stack: [0x000000e808c00000,0x000000e808d00000]
Native frames: (J=compiled Java code, j=interpreted, Vv=VM code, C=native code)
V  [jvm.dll+0x670baa]
V  [jvm.dll+0x7cfcb4]
V  [jvm.dll+0x7d145e]
V  [jvm.dll+0x7d1ac3]
V  [jvm.dll+0x242bc5]
V  [jvm.dll+0x7cbc5b]
V  [jvm.dll+0x616966]
V  [jvm.dll+0x6169ca]
V  [jvm.dll+0x6191da]
V  [jvm.dll+0x617306]
V  [jvm.dll+0x2385a0]
V  [jvm.dll+0x1e880d]
V  [jvm.dll+0x1de251]
V  [jvm.dll+0x537c30]
V  [jvm.dll+0x1eea37]
V  [jvm.dll+0x74a15b]
V  [jvm.dll+0x74b502]
V  [jvm.dll+0x74b838]
V  [jvm.dll+0x23af1e]
V  [jvm.dll+0x23b16f]
V  [jvm.dll+0x555aa8]
V  [jvm.dll+0x558910]
V  [jvm.dll+0x37f357]
V  [jvm.dll+0x37e9af]
C  0x0000024f0001a602

Java frames: (J=compiled Java code, j=interpreted, Vv=VM code)
j  java.io.InputStreamReader.<init>(Ljava/io/InputStream;Ljava/nio/charset/Charset;)V+23 java.base@17.0.2
j  jdk.internal.module.ModulePath.deriveModuleDescriptor(Ljava/util/jar/JarFile;)Ljava/lang/module/ModuleDescriptor;+489 java.base@17.0.2
j  jdk.internal.module.ModulePath.readJar(Ljava/nio/file/Path;)Ljava/lang/module/ModuleReference;+35 java.base@17.0.2
j  jdk.internal.module.ModulePath.readModule(Ljava/nio/file/Path;Ljava/nio/file/attribute/BasicFileAttributes;)Ljava/lang/module/ModuleReference;+60 java.base@17.0.2
j  jdk.internal.module.ModulePath.scan(Ljava/nio/file/Path;)Ljava/util/Map;+67 java.base@17.0.2
j  jdk.internal.module.ModulePath.scanNextEntry()V+23 java.base@17.0.2
j  jdk.internal.module.ModulePath.findAll()Ljava/util/Set;+8 java.base@17.0.2
j  java.lang.module.ModuleFinder$2.lambda$findAll$2(Ljava/lang/module/ModuleFinder;)Ljava/util/stream/Stream;+1 java.base@17.0.2
j  java.lang.module.ModuleFinder$2$$Lambda$17+0x800000020.apply(Ljava/lang/Object;)Ljava/lang/Object;+4 java.base@17.0.2
j  java.util.stream.ReferencePipeline$7$1.accept(Ljava/lang/Object;)V+8 java.base@17.0.2
j  java.util.AbstractList$RandomAccessSpliterator.forEachRemaining(Ljava/util/function/Consumer;)V+39 java.base@17.0.2
j  java.util.stream.AbstractPipeline.copyInto(Ljava/util/stream/Sink;Ljava/util/Spliterator;)V+32 java.base@17.0.2
j  java.util.stream.AbstractPipeline.wrapAndCopyInto(Ljava/util/stream/Sink;Ljava/util/Spliterator;)Ljava/util/stream/Sink;+13 java.base@17.0.2
j  java.util.stream.ForEachOps$ForEachOp.evaluateSequential(Ljava/util/stream/PipelineHelper;Ljava/util/Spliterator;)Ljava/lang/Void;+3 java.base@17.0.2
j  java.util.stream.ForEachOps$ForEachOp$OfRef.evaluateSequential(Ljava/util/stream/PipelineHelper;Ljava/util/Spliterator;)Ljava/lang/Object;+3 java.base@17.0.2
j  java.util.stream.AbstractPipeline.evaluate(Ljava/util/stream/TerminalOp;)Ljava/lang/Object;+88 java.base@17.0.2
j  java.util.stream.ReferencePipeline.forEach(Ljava/util/function/Consumer;)V+6 java.base@17.0.2
j  java.lang.module.ModuleFinder$2.findAll()Ljava/util/Set;+55 java.base@17.0.2
j  java.lang.module.Resolver.findAll()Ljava/util/Set;+4 java.base@17.0.2
j  java.lang.module.Resolver.bind(Z)Ljava/lang/module/Resolver;+9 java.base@17.0.2
j  java.lang.module.Configuration.resolveAndBind(Ljava/lang/module/ModuleFinder;Ljava/util/Collection;Ljava/io/PrintStream;)Ljava/lang/module/Configuration;+33 java.base@17.0.2
j  java.lang.module.ModuleDescriptor$1.resolveAndBind(Ljava/lang/module/ModuleFinder;Ljava/util/Collection;Ljava/io/PrintStream;)Ljava/lang/module/Configuration;+3 java.base@17.0.2
j  jdk.internal.module.Modules.newBootLayerConfiguration(Ljava/lang/module/ModuleFinder;Ljava/util/Collection;Ljava/io/PrintStream;)Ljava/lang/module/Configuration;+6 java.base@17.0.2
j  jdk.internal.module.ModuleBootstrap.boot2()Ljava/lang/ModuleLayer;+896 java.base@17.0.2
j  jdk.internal.module.ModuleBootstrap.boot()Ljava/lang/ModuleLayer;+64 java.base@17.0.2
j  java.lang.System.initPhase2(ZZ)I+0 java.base@17.0.2
v  ~StubRoutines::call_stub

---------------  P R O C E S S  ---------------

Threads class SMR info:
_java_thread_list=0x0000024f77ca0290, length=12, elements={
0x0000024f6a82e9f0, 0x0000024f6a8fb650, 0x0000024f6a8fbe10, 0x0000024f7721df60,
0x0000024f7721e720, 0x0000024f77225100, 0x0000024f772256c0, 0x0000024f7722edb0,
0x0000024f7723c3a0, 0x0000024f772468b0, 0x0000024f6a8e8340, 0x0000024f77d426e0
}

Java Threads: ( => current thread )
=>0x0000024f6a82e9f0 JavaThread "main" [_thread_in_vm, id=18620, stack(0x000000e808c00000,0x000000e808d00000)]
  0x0000024f6a8fb650 JavaThread "Reference Handler" daemon [_thread_blocked, id=18268, stack(0x000000e809300000,0x000000e809400000)]
  0x0000024f6a8fbe10 JavaThread "Finalizer" daemon [_thread_blocked, id=15432, stack(0x000000e809400000,0x000000e809500000)]
  0x0000024f7721df60 JavaThread "Signal Dispatcher" daemon [_thread_blocked, id=17636, stack(0x000000e809500000,0x000000e809600000)]
  0x0000024f7721e720 JavaThread "Attach Listener" daemon [_thread_blocked, id=17372, stack(0x000000e809600000,0x000000e809700000)]
  0x0000024f77225100 JavaThread "Service Thread" daemon [_thread_blocked, id=20812, stack(0x000000e809700000,0x000000e809800000)]
  0x0000024f772256c0 JavaThread "Monitor Deflation Thread" daemon [_thread_blocked, id=13176, stack(0x000000e809800000,0x000000e809900000)]
  0x0000024f7722edb0 JavaThread "C2 CompilerThread0" daemon [_thread_blocked, id=20800, stack(0x000000e809900000,0x000000e809a00000)]
  0x0000024f7723c3a0 JavaThread "C1 CompilerThread0" daemon [_thread_in_vm, id=20796, stack(0x000000e809a00000,0x000000e809b00000)]
  0x0000024f772468b0 JavaThread "Sweeper thread" daemon [_thread_blocked, id=20808, stack(0x000000e809b00000,0x000000e809c00000)]
  0x0000024f6a8e8340 JavaThread "Common-Cleaner" daemon [_thread_blocked, id=4032, stack(0x000000e809c00000,0x000000e809d00000)]
  0x0000024f77d426e0 JavaThread "C2 CompilerThread1" daemon [_thread_blocked, id=20804, stack(0x000000e809d00000,0x000000e809e00000)]

Other Threads:
  0x0000024f6a8f2b90 VMThread "VM Thread" [stack: 0x000000e809200000,0x000000e809300000] [id=20644]
  0x0000024f6a85b750 GCTaskThread "GC Thread#0" [stack: 0x000000e808d00000,0x000000e808e00000] [id=20724]
  0x0000024f6a8640b0 ConcurrentGCThread "G1 Main Marker" [stack: 0x000000e808e00000,0x000000e808f00000] [id=20544]
  0x0000024f6a8654d0 ConcurrentGCThread "G1 Conc#0" [stack: 0x000000e808f00000,0x000000e809000000] [id=3248]
  0x0000024f6a8bdf60 ConcurrentGCThread "G1 Refine#0" [stack: 0x000000e809000000,0x000000e809100000] [id=20556]
  0x0000024f6a8be430 ConcurrentGCThread "G1 Service" [stack: 0x000000e809100000,0x000000e809200000] [id=20560]

Threads with active compile tasks:
C1 CompilerThread0      834  191       3       java.util.zip.ZipEntry::isDirectory (10 bytes)

VM state: not at safepoint (normal execution)

VM Mutex/Monitor currently owned by a thread:  ([mutex/lock_event])
[0x0000024f6a829960] Metaspace_lock - owner thread: 0x0000024f6a82e9f0
[0x0000024f6a82aec0] MethodData_lock - owner thread: 0x0000024f7723c3a0

Heap address: 0x00000000c2400000, size: 988 MB, Compressed Oops mode: 32-bit

CDS archive(s) mapped at: [0x0000000800000000-0x0000000800bc0000-0x0000000800bc0000), size 12320768, SharedBaseAddress: 0x0000000800000000, ArchiveRelocationMode: 0.
Compressed class space mapped at: 0x0000000800c00000-0x0000000840c00000, reserved size: 1073741824
Narrow klass base: 0x0000000800000000, Narrow klass shift: 0, Narrow klass range: 0x100000000

GC Precious Log:
 CPUs: 8 total, 8 available
 Memory: 3947M
 Large Page Support: Disabled
 NUMA Support: Disabled
 Compressed Oops: Enabled (32-bit)
 Heap Region Size: 1M
 Heap Min Capacity: 8M
 Heap Initial Capacity: 62M
 Heap Max Capacity: 988M
 Pre-touch: Disabled
 Parallel Workers: 8
 Concurrent Workers: 2
 Concurrent Refinement Workers: 8
 Periodic GC: Disabled

Heap:
 garbage-first heap   total 63488K, used 2048K [0x00000000c2400000, 0x0000000100000000)
  region size 1024K, 3 young (3072K), 0 survivors (0K)
 Metaspace       used 333K, committed 512K, reserved 1056768K
  class space    used 14K, committed 128K, reserved 1048576K

Heap Regions: E=young(eden), S=young(survivor), O=old, HS=humongous(starts), HC=humongous(continues), CS=collection set, F=free, OA=open archive, CA=closed archive, TAMS=top-at-mark-start (previous, next)
|   0|0x00000000c2400000, 0x00000000c2400000, 0x00000000c2500000|  0%| F|  |TAMS 0x00000000c2400000, 0x00000000c2400000| Untracked 
|   1|0x00000000c2500000, 0x00000000c2500000, 0x00000000c2600000|  0%| F|  |TAMS 0x00000000c2500000, 0x00000000c2500000| Untracked 
|   2|0x00000000c2600000, 0x00000000c2600000, 0x00000000c2700000|  0%| F|  |TAMS 0x00000000c2600000, 0x00000000c2600000| Untracked 
|   3|0x00000000c2700000, 0x00000000c2700000, 0x00000000c2800000|  0%| F|  |TAMS 0x00000000c2700000, 0x00000000c2700000| Untracked 
|   4|0x00000000c2800000, 0x00000000c2800000, 0x00000000c2900000|  0%| F|  |TAMS 0x00000000c2800000, 0x00000000c2800000| Untracked 
|   5|0x00000000c2900000, 0x00000000c2900000, 0x00000000c2a00000|  0%| F|  |TAMS 0x00000000c2900000, 0x00000000c2900000| Untracked 
|   6|0x00000000c2a00000, 0x00000000c2a00000, 0x00000000c2b00000|  0%| F|  |TAMS 0x00000000c2a00000, 0x00000000c2a00000| Untracked 
|   7|0x00000000c2b00000, 0x00000000c2b00000, 0x00000000c2c00000|  0%| F|  |TAMS 0x00000000c2b00000, 0x00000000c2b00000| Untracked 
|   8|0x00000000c2c00000, 0x00000000c2c00000, 0x00000000c2d00000|  0%| F|  |TAMS 0x00000000c2c00000, 0x00000000c2c00000| Untracked 
|   9|0x00000000c2d00000, 0x00000000c2d00000, 0x00000000c2e00000|  0%| F|  |TAMS 0x00000000c2d00000, 0x00000000c2d00000| Untracked 
|  10|0x00000000c2e00000, 0x00000000c2e00000, 0x00000000c2f00000|  0%| F|  |TAMS 0x00000000c2e00000, 0x00000000c2e00000| Untracked 
|  11|0x00000000c2f00000, 0x00000000c2f00000, 0x00000000c3000000|  0%| F|  |TAMS 0x00000000c2f00000, 0x00000000c2f00000| Untracked 
|  12|0x00000000c3000000, 0x00000000c3000000, 0x00000000c3100000|  0%| F|  |TAMS 0x00000000c3000000, 0x00000000c3000000| Untracked 
|  13|0x00000000c3100000, 0x00000000c3100000, 0x00000000c3200000|  0%| F|  |TAMS 0x00000000c3100000, 0x00000000c3100000| Untracked 
|  14|0x00000000c3200000, 0x00000000c3200000, 0x00000000c3300000|  0%| F|  |TAMS 0x00000000c3200000, 0x00000000c3200000| Untracked 
|  15|0x00000000c3300000, 0x00000000c3300000, 0x00000000c3400000|  0%| F|  |TAMS 0x00000000c3300000, 0x00000000c3300000| Untracked 
|  16|0x00000000c3400000, 0x00000000c3400000, 0x00000000c3500000|  0%| F|  |TAMS 0x00000000c3400000, 0x00000000c3400000| Untracked 
|  17|0x00000000c3500000, 0x00000000c3500000, 0x00000000c3600000|  0%| F|  |TAMS 0x00000000c3500000, 0x00000000c3500000| Untracked 
|  18|0x00000000c3600000, 0x00000000c3600000, 0x00000000c3700000|  0%| F|  |TAMS 0x00000000c3600000, 0x00000000c3600000| Untracked 
|  19|0x00000000c3700000, 0x00000000c3700000, 0x00000000c3800000|  0%| F|  |TAMS 0x00000000c3700000, 0x00000000c3700000| Untracked 
|  20|0x00000000c3800000, 0x00000000c3800000, 0x00000000c3900000|  0%| F|  |TAMS 0x00000000c3800000, 0x00000000c3800000| Untracked 
|  21|0x00000000c3900000, 0x00000000c3900000, 0x00000000c3a00000|  0%| F|  |TAMS 0x00000000c3900000, 0x00000000c3900000| Untracked 
|  22|0x00000000c3a00000, 0x00000000c3a00000, 0x00000000c3b00000|  0%| F|  |TAMS 0x00000000c3a00000, 0x00000000c3a00000| Untracked 
|  23|0x00000000c3b00000, 0x00000000c3b00000, 0x00000000c3c00000|  0%| F|  |TAMS 0x00000000c3b00000, 0x00000000c3b00000| Untracked 
|  24|0x00000000c3c00000, 0x00000000c3c00000, 0x00000000c3d00000|  0%| F|  |TAMS 0x00000000c3c00000, 0x00000000c3c00000| Untracked 
|  25|0x00000000c3d00000, 0x00000000c3d00000, 0x00000000c3e00000|  0%| F|  |TAMS 0x00000000c3d00000, 0x00000000c3d00000| Untracked 
|  26|0x00000000c3e00000, 0x00000000c3e00000, 0x00000000c3f00000|  0%| F|  |TAMS 0x00000000c3e00000, 0x00000000c3e00000| Untracked 
|  27|0x00000000c3f00000, 0x00000000c3f00000, 0x00000000c4000000|  0%| F|  |TAMS 0x00000000c3f00000, 0x00000000c3f00000| Untracked 
|  28|0x00000000c4000000, 0x00000000c4000000, 0x00000000c4100000|  0%| F|  |TAMS 0x00000000c4000000, 0x00000000c4000000| Untracked 
|  29|0x00000000c4100000, 0x00000000c4100000, 0x00000000c4200000|  0%| F|  |TAMS 0x00000000c4100000, 0x00000000c4100000| Untracked 
|  30|0x00000000c4200000, 0x00000000c4200000, 0x00000000c4300000|  0%| F|  |TAMS 0x00000000c4200000, 0x00000000c4200000| Untracked 
|  31|0x00000000c4300000, 0x00000000c4300000, 0x00000000c4400000|  0%| F|  |TAMS 0x00000000c4300000, 0x00000000c4300000| Untracked 
|  32|0x00000000c4400000, 0x00000000c4400000, 0x00000000c4500000|  0%| F|  |TAMS 0x00000000c4400000, 0x00000000c4400000| Untracked 
|  33|0x00000000c4500000, 0x00000000c4500000, 0x00000000c4600000|  0%| F|  |TAMS 0x00000000c4500000, 0x00000000c4500000| Untracked 
|  34|0x00000000c4600000, 0x00000000c4600000, 0x00000000c4700000|  0%| F|  |TAMS 0x00000000c4600000, 0x00000000c4600000| Untracked 
|  35|0x00000000c4700000, 0x00000000c4700000, 0x00000000c4800000|  0%| F|  |TAMS 0x00000000c4700000, 0x00000000c4700000| Untracked 
|  36|0x00000000c4800000, 0x00000000c4800000, 0x00000000c4900000|  0%| F|  |TAMS 0x00000000c4800000, 0x00000000c4800000| Untracked 
|  37|0x00000000c4900000, 0x00000000c4900000, 0x00000000c4a00000|  0%| F|  |TAMS 0x00000000c4900000, 0x00000000c4900000| Untracked 
|  38|0x00000000c4a00000, 0x00000000c4a00000, 0x00000000c4b00000|  0%| F|  |TAMS 0x00000000c4a00000, 0x00000000c4a00000| Untracked 
|  39|0x00000000c4b00000, 0x00000000c4b00000, 0x00000000c4c00000|  0%| F|  |TAMS 0x00000000c4b00000, 0x00000000c4b00000| Untracked 
|  40|0x00000000c4c00000, 0x00000000c4c00000, 0x00000000c4d00000|  0%| F|  |TAMS 0x00000000c4c00000, 0x00000000c4c00000| Untracked 
|  41|0x00000000c4d00000, 0x00000000c4d00000, 0x00000000c4e00000|  0%| F|  |TAMS 0x00000000c4d00000, 0x00000000c4d00000| Untracked 
|  42|0x00000000c4e00000, 0x00000000c4e00000, 0x00000000c4f00000|  0%| F|  |TAMS 0x00000000c4e00000, 0x00000000c4e00000| Untracked 
|  43|0x00000000c4f00000, 0x00000000c4f00000, 0x00000000c5000000|  0%| F|  |TAMS 0x00000000c4f00000, 0x00000000c4f00000| Untracked 
|  44|0x00000000c5000000, 0x00000000c5000000, 0x00000000c5100000|  0%| F|  |TAMS 0x00000000c5000000, 0x00000000c5000000| Untracked 
|  45|0x00000000c5100000, 0x00000000c5100000, 0x00000000c5200000|  0%| F|  |TAMS 0x00000000c5100000, 0x00000000c5100000| Untracked 
|  46|0x00000000c5200000, 0x00000000c5200000, 0x00000000c5300000|  0%| F|  |TAMS 0x00000000c5200000, 0x00000000c5200000| Untracked 
|  47|0x00000000c5300000, 0x00000000c5300000, 0x00000000c5400000|  0%| F|  |TAMS 0x00000000c5300000, 0x00000000c5300000| Untracked 
|  48|0x00000000c5400000, 0x00000000c5400000, 0x00000000c5500000|  0%| F|  |TAMS 0x00000000c5400000, 0x00000000c5400000| Untracked 
|  49|0x00000000c5500000, 0x00000000c5500000, 0x00000000c5600000|  0%| F|  |TAMS 0x00000000c5500000, 0x00000000c5500000| Untracked 
|  50|0x00000000c5600000, 0x00000000c5600000, 0x00000000c5700000|  0%| F|  |TAMS 0x00000000c5600000, 0x00000000c5600000| Untracked 
|  51|0x00000000c5700000, 0x00000000c5700000, 0x00000000c5800000|  0%| F|  |TAMS 0x00000000c5700000, 0x00000000c5700000| Untracked 
|  52|0x00000000c5800000, 0x00000000c5800000, 0x00000000c5900000|  0%| F|  |TAMS 0x00000000c5800000, 0x00000000c5800000| Untracked 
|  53|0x00000000c5900000, 0x00000000c5900000, 0x00000000c5a00000|  0%| F|  |TAMS 0x00000000c5900000, 0x00000000c5900000| Untracked 
|  54|0x00000000c5a00000, 0x00000000c5a00000, 0x00000000c5b00000|  0%| F|  |TAMS 0x00000000c5a00000, 0x00000000c5a00000| Untracked 
|  55|0x00000000c5b00000, 0x00000000c5b00000, 0x00000000c5c00000|  0%| F|  |TAMS 0x00000000c5b00000, 0x00000000c5b00000| Untracked 
|  56|0x00000000c5c00000, 0x00000000c5c00000, 0x00000000c5d00000|  0%| F|  |TAMS 0x00000000c5c00000, 0x00000000c5c00000| Untracked 
|  57|0x00000000c5d00000, 0x00000000c5d00000, 0x00000000c5e00000|  0%| F|  |TAMS 0x00000000c5d00000, 0x00000000c5d00000| Untracked 
|  58|0x00000000c5e00000, 0x00000000c5e00000, 0x00000000c5f00000|  0%| F|  |TAMS 0x00000000c5e00000, 0x00000000c5e00000| Untracked 
|  59|0x00000000c5f00000, 0x00000000c5f76440, 0x00000000c6000000| 46%| E|  |TAMS 0x00000000c5f00000, 0x00000000c5f00000| Complete 
|  60|0x00000000c6000000, 0x00000000c6100000, 0x00000000c6100000|100%| E|CS|TAMS 0x00000000c6000000, 0x00000000c6000000| Complete 
|  61|0x00000000c6100000, 0x00000000c6200000, 0x00000000c6200000|100%| E|CS|TAMS 0x00000000c6100000, 0x00000000c6100000| Complete 

Card table byte_map: [0x0000024f725b0000,0x0000024f727a0000] _byte_map_base: 0x0000024f71f9e000

Marking Bits (Prev, Next): (CMBitMap*) 0x0000024f6a85bc00, (CMBitMap*) 0x0000024f6a85bc40
 Prev Bits: [0x0000024f72990000, 0x0000024f73900000)
 Next Bits: [0x0000024f73900000, 0x0000024f74870000)

Polling page: 0x0000024f6a000000

Metaspace:

Usage:
  Non-class:    319.68 KB used.
      Class:     14.22 KB used.
       Both:    333.90 KB used.

Virtual space:
  Non-class space:        8.00 MB reserved,     384.00 KB (  5%) committed,  1 nodes.
      Class space:        1.00 GB reserved,     128.00 KB ( <1%) committed,  1 nodes.
             Both:        1.01 GB reserved,     512.00 KB ( <1%) committed. 

Chunk freelists:
   Non-Class:  4.00 MB
       Class:  3.75 MB
        Both:  7.75 MB

MaxMetaspaceSize: unlimited
CompressedClassSpaceSize: 1.00 GB
Initial GC threshold: 21.00 MB
Current GC threshold: 21.00 MB
CDS: on
MetaspaceReclaimPolicy: balanced
 - commit_granule_bytes: 65536.
 - commit_granule_words: 8192.
 - virtual_space_node_default_size: 1048576.
 - enlarge_chunks_in_place: 1.
 - new_chunks_are_fully_committed: 0.
 - uncommit_free_chunks: 1.
 - use_allocation_guard: 0.
 - handle_deallocations: 1.


Internal statistics:

num_allocs_failed_limit: 0.
num_arena_births: 4.
num_arena_deaths: 0.
num_vsnodes_births: 2.
num_vsnodes_deaths: 0.
num_space_committed: 8.
num_space_uncommitted: 0.
num_chunks_returned_to_freelist: 0.
num_chunks_taken_from_freelist: 5.
num_chunk_merges: 0.
num_chunk_splits: 2.
num_chunks_enlarged: 1.
num_purges: 0.
num_inconsistent_stats: 0.

CodeHeap 'non-profiled nmethods': size=120000Kb used=64Kb max_used=64Kb free=119936Kb
 bounds [0x0000024f07ad0000, 0x0000024f07d40000, 0x0000024f0f000000]
CodeHeap 'profiled nmethods': size=120000Kb used=286Kb max_used=286Kb free=119713Kb
 bounds [0x0000024f005a0000, 0x0000024f00810000, 0x0000024f07ad0000]
CodeHeap 'non-nmethods': size=5760Kb used=1091Kb max_used=1105Kb free=4668Kb
 bounds [0x0000024f00000000, 0x0000024f00270000, 0x0000024f005a0000]
 total_blobs=588 nmethods=226 adapters=275
 compilation: enabled
              stopped_count=0, restarted_count=0
 full_count=0

Compilation events (20 events):
Event: 0.326 Thread 0x0000024f7723c3a0  235       3       java.lang.String::replace (42 bytes)
Event: 0.327 Thread 0x0000024f7723c3a0 nmethod 235 0x0000024f005e3890 code [0x0000024f005e3a60, 0x0000024f005e3d98]
Event: 0.328 Thread 0x0000024f7723c3a0  231       3       java.util.stream.AbstractPipeline::<init> (55 bytes)
Event: 0.329 Thread 0x0000024f7722edb0 nmethod 216 0x0000024f07adf090 code [0x0000024f07adf220, 0x0000024f07adf318]
Event: 0.329 Thread 0x0000024f7722edb0  221       4       java.lang.CharacterDataLatin1::isJavaIdentifierPart (20 bytes)
Event: 0.329 Thread 0x0000024f7723c3a0 nmethod 231 0x0000024f005e3e90 code [0x0000024f005e4040, 0x0000024f005e4318]
Event: 0.329 Thread 0x0000024f7723c3a0  232       3       java.lang.String::substring (10 bytes)
Event: 0.330 Thread 0x0000024f7723c3a0 nmethod 232 0x0000024f005e4410 code [0x0000024f005e45c0, 0x0000024f005e4808]
Event: 0.330 Thread 0x0000024f7723c3a0  233       3       java.lang.String::lastIndexOf (10 bytes)
Event: 0.332 Thread 0x0000024f7723c3a0 nmethod 233 0x0000024f005e4910 code [0x0000024f005e4ac0, 0x0000024f005e4d08]
Event: 0.332 Thread 0x0000024f7723c3a0  234       3       java.lang.String::lastIndexOf (18 bytes)
Event: 0.332 Thread 0x0000024f7722edb0 nmethod 221 0x0000024f07adf490 code [0x0000024f07adf600, 0x0000024f07adf6b8]
Event: 0.332 Thread 0x0000024f7722edb0  229       4       java.lang.String::equals (56 bytes)
Event: 0.333 Thread 0x0000024f7723c3a0 nmethod 234 0x0000024f005e4e10 code [0x0000024f005e4fe0, 0x0000024f005e52a8]
Event: 0.333 Thread 0x0000024f7723c3a0  175       3       java.util.jar.JarEntry::<init> (6 bytes)
Event: 0.333 Thread 0x0000024f7723c3a0 nmethod 175 0x0000024f005e5410 code [0x0000024f005e55a0, 0x0000024f005e56e8]
Event: 0.334 Thread 0x0000024f7723c3a0  176       3       java.util.zip.ZipEntry::<init> (84 bytes)
Event: 0.334 Thread 0x0000024f77d426e0 nmethod 218 0x0000024f07adf790 code [0x0000024f07adf900, 0x0000024f07adfad8]
Event: 0.335 Thread 0x0000024f7723c3a0 nmethod 176 0x0000024f005e5790 code [0x0000024f005e5980, 0x0000024f005e5f18]
Event: 0.335 Thread 0x0000024f7723c3a0  178       3       java.util.zip.ZipUtils::CENTIM (9 bytes)

GC Heap History (0 events):
No events

Deoptimization events (0 events):
No events

Classes unloaded (0 events):
No events

Classes redefined (0 events):
No events

Internal exceptions (0 events):
No events

VM Operations (2 events):
Event: 0.241 Executing VM operation: HandshakeAllThreads
Event: 0.241 Executing VM operation: HandshakeAllThreads done

Events (20 events):
Event: 0.108 Thread 0x0000024f7721e720 Thread added: 0x0000024f7721e720
Event: 0.108 Thread 0x0000024f77225100 Thread added: 0x0000024f77225100
Event: 0.108 Thread 0x0000024f772256c0 Thread added: 0x0000024f772256c0
Event: 0.109 Thread 0x0000024f7722edb0 Thread added: 0x0000024f7722edb0
Event: 0.109 Thread 0x0000024f7723c3a0 Thread added: 0x0000024f7723c3a0
Event: 0.109 Thread 0x0000024f772468b0 Thread added: 0x0000024f772468b0
Event: 0.172 Thread 0x0000024f6a8e8340 Thread added: 0x0000024f6a8e8340
Event: 0.216 Loaded shared library C:\Program Files\Java\jdk-17.0.2\bin\net.dll
Event: 0.221 Loaded shared library C:\Program Files\Java\jdk-17.0.2\bin\nio.dll
Event: 0.237 Loaded shared library C:\Program Files\Java\jdk-17.0.2\bin\zip.dll
Event: 0.317 Thread 0x0000024f77d426e0 Thread added: 0x0000024f77d426e0
Event: 0.332 loading class sun/security/util/ManifestEntryVerifier
Event: 0.332 loading class sun/security/util/ManifestEntryVerifier done
Event: 0.333 loading class java/io/BufferedReader
Event: 0.333 loading class java/io/Reader
Event: 0.334 loading class java/io/Reader done
Event: 0.334 loading class java/io/BufferedReader done
Event: 0.334 loading class java/io/InputStreamReader
Event: 0.334 loading class java/io/InputStreamReader done
Event: 0.335 loading class sun/nio/cs/StreamDecoder


Dynamic libraries:
0x00007ff6b6ba0000 - 0x00007ff6b6bb0000 	C:\Program Files\Java\jdk-17.0.2\bin\javaw.exe
0x00007ffdb7940000 - 0x00007ffdb7b49000 	C:\WINDOWS\SYSTEM32\ntdll.dll
0x00007ffdb64c0000 - 0x00007ffdb657d000 	C:\WINDOWS\System32\KERNEL32.DLL
0x00007ffdb4e90000 - 0x00007ffdb5209000 	C:\WINDOWS\System32\KERNELBASE.dll
0x0000000051250000 - 0x00000000512f6000 	C:\WINDOWS\System32\SYSFER.DLL
0x00007ffdb5210000 - 0x00007ffdb5321000 	C:\WINDOWS\System32\ucrtbase.dll
0x00007ffdad340000 - 0x00007ffdad358000 	C:\Program Files\Java\jdk-17.0.2\bin\jli.dll
0x00007ffdad360000 - 0x00007ffdad37a000 	C:\Program Files\Java\jdk-17.0.2\bin\VCRUNTIME140.dll
0x00007ffdb6360000 - 0x00007ffdb640e000 	C:\WINDOWS\System32\ADVAPI32.dll
0x00007ffdb6410000 - 0x00007ffdb64b3000 	C:\WINDOWS\System32\msvcrt.dll
0x00007ffdb6950000 - 0x00007ffdb69ee000 	C:\WINDOWS\System32\sechost.dll
0x00007ffdb77e0000 - 0x00007ffdb7900000 	C:\WINDOWS\System32\RPCRT4.dll
0x00007ffdb6be0000 - 0x00007ffdb6d8c000 	C:\WINDOWS\System32\USER32.dll
0x00007ffdb5450000 - 0x00007ffdb5476000 	C:\WINDOWS\System32\win32u.dll
0x00007ffdb3f80000 - 0x00007ffdb4225000 	C:\WINDOWS\WinSxS\amd64_microsoft.windows.common-controls_6595b64144ccf1df_6.0.22000.120_none_9d947278b86cc467\COMCTL32.dll
0x00007ffdb57d0000 - 0x00007ffdb57f9000 	C:\WINDOWS\System32\GDI32.dll
0x00007ffdb5540000 - 0x00007ffdb5652000 	C:\WINDOWS\System32\gdi32full.dll
0x00007ffdb53b0000 - 0x00007ffdb544d000 	C:\WINDOWS\System32\msvcp_win.dll
0x00007ffdac450000 - 0x00007ffdac45a000 	C:\WINDOWS\SYSTEM32\VERSION.dll
0x00007ffdb6e90000 - 0x00007ffdb6ec1000 	C:\WINDOWS\System32\IMM32.DLL
0x00007ffdae210000 - 0x00007ffdae21c000 	C:\Program Files\Java\jdk-17.0.2\bin\vcruntime140_1.dll
0x00007ffd8e690000 - 0x00007ffd8e71d000 	C:\Program Files\Java\jdk-17.0.2\bin\msvcp140.dll
0x00007ffd7c410000 - 0x00007ffd7cfd1000 	C:\Program Files\Java\jdk-17.0.2\bin\server\jvm.dll
0x00007ffdb6f30000 - 0x00007ffdb6f38000 	C:\WINDOWS\System32\PSAPI.DLL
0x00007ffd9efc0000 - 0x00007ffd9efc9000 	C:\WINDOWS\SYSTEM32\WSOCK32.dll
0x00007ffdb69f0000 - 0x00007ffdb6a5f000 	C:\WINDOWS\System32\WS2_32.dll
0x00007ffdaea40000 - 0x00007ffdaea73000 	C:\WINDOWS\SYSTEM32\WINMM.dll
0x00007ffdb3c70000 - 0x00007ffdb3c88000 	C:\WINDOWS\SYSTEM32\kernel.appcore.dll
0x00007ffd9efb0000 - 0x00007ffd9efba000 	C:\Program Files\Java\jdk-17.0.2\bin\jimage.dll
0x00007ffdb4740000 - 0x00007ffdb4961000 	C:\WINDOWS\SYSTEM32\DBGHELP.DLL
0x00007ffdb42e0000 - 0x00007ffdb4311000 	C:\WINDOWS\SYSTEM32\dbgcore.DLL
0x00007ffdb5330000 - 0x00007ffdb53af000 	C:\WINDOWS\System32\bcryptPrimitives.dll
0x00007ffd9ef80000 - 0x00007ffd9efa5000 	C:\Program Files\Java\jdk-17.0.2\bin\java.dll
0x00007ffd8de60000 - 0x00007ffd8df36000 	C:\Program Files\Java\jdk-17.0.2\bin\jsvml.dll
0x00007ffdb6fc0000 - 0x00007ffdb7778000 	C:\WINDOWS\System32\SHELL32.dll
0x00007ffdb21b0000 - 0x00007ffdb2a17000 	C:\WINDOWS\SYSTEM32\windows.storage.dll
0x00007ffdb5d60000 - 0x00007ffdb60d9000 	C:\WINDOWS\System32\combase.dll
0x00007ffdb2040000 - 0x00007ffdb21a6000 	C:\WINDOWS\SYSTEM32\wintypes.dll
0x00007ffdb60e0000 - 0x00007ffdb61ca000 	C:\WINDOWS\System32\SHCORE.dll
0x00007ffdb6ed0000 - 0x00007ffdb6f2d000 	C:\WINDOWS\System32\shlwapi.dll
0x00007ffdb4d50000 - 0x00007ffdb4d71000 	C:\WINDOWS\SYSTEM32\profapi.dll
0x00007ffd9b9b0000 - 0x00007ffd9b9c9000 	C:\Program Files\Java\jdk-17.0.2\bin\net.dll
0x00007ffdae930000 - 0x00007ffdaea3c000 	C:\WINDOWS\SYSTEM32\WINHTTP.dll
0x00007ffdb3c90000 - 0x00007ffdb3cf7000 	C:\WINDOWS\system32\mswsock.dll
0x00007ffd9b990000 - 0x00007ffd9b9a6000 	C:\Program Files\Java\jdk-17.0.2\bin\nio.dll
0x00007ffd96060000 - 0x00007ffd96078000 	C:\Program Files\Java\jdk-17.0.2\bin\zip.dll

dbghelp: loaded successfully - version: 4.0.5 - missing functions: none
symbol engine: initialized successfully - sym options: 0x614 - pdb path: .;C:\Program Files\Java\jdk-17.0.2\bin;C:\WINDOWS\SYSTEM32;C:\WINDOWS\WinSxS\amd64_microsoft.windows.common-controls_6595b64144ccf1df_6.0.22000.120_none_9d947278b86cc467;C:\Program Files\Java\jdk-17.0.2\bin\server

VM Arguments:
jvm_args: -Dfile.encoding=Cp1252 --module-path=E:\Java\All Java Project\mysql-connector-java-8.0.28.jar -XX:+ShowCodeDetailsInExceptionMessages 
java_command: Source_package.detailsClient
java_class_path (initial): E:\Java\All Java Project\final spl\bin
Launcher Type: SUN_STANDARD

[Global flags]
     intx CICompilerCount                          = 4                                         {product} {ergonomic}
     uint ConcGCThreads                            = 2                                         {product} {ergonomic}
     uint G1ConcRefinementThreads                  = 8                                         {product} {ergonomic}
   size_t G1HeapRegionSize                         = 1048576                                   {product} {ergonomic}
    uintx GCDrainStackTargetSize                   = 64                                        {product} {ergonomic}
   size_t InitialHeapSize                          = 65011712                                  {product} {ergonomic}
   size_t MarkStackSize                            = 4194304                                   {product} {ergonomic}
   size_t MaxHeapSize                              = 1035993088                                {product} {ergonomic}
   size_t MaxNewSize                               = 620756992                                 {product} {ergonomic}
   size_t MinHeapDeltaBytes                        = 1048576                                   {product} {ergonomic}
   size_t MinHeapSize                              = 8388608                                   {product} {ergonomic}
    uintx NonNMethodCodeHeapSize                   = 5839372                                {pd product} {ergonomic}
    uintx NonProfiledCodeHeapSize                  = 122909434                              {pd product} {ergonomic}
    uintx ProfiledCodeHeapSize                     = 122909434                              {pd product} {ergonomic}
    uintx ReservedCodeCacheSize                    = 251658240                              {pd product} {ergonomic}
     bool SegmentedCodeCache                       = true                                      {product} {ergonomic}
     bool ShowCodeDetailsInExceptionMessages       = true                                   {manageable} {command line}
   size_t SoftMaxHeapSize                          = 1035993088                             {manageable} {ergonomic}
     bool UseCompressedClassPointers               = true                           {product lp64_product} {ergonomic}
     bool UseCompressedOops                        = true                           {product lp64_product} {ergonomic}
     bool UseG1GC                                  = true                                      {product} {ergonomic}
     bool UseLargePagesIndividualAllocation        = false                                  {pd product} {ergonomic}

Logging:
Log output configuration:
 #0: stdout all=warning uptime,level,tags
 #1: stderr all=off uptime,level,tags

Environment Variables:
JAVA_HOME=C:\Program Files\Java\jdk-17.0.2
PATH=C:\Program Files\Common Files\Oracle\Java\javapath;C:\WINDOWS\system32;C:\WINDOWS;C:\WINDOWS\System32\Wbem;C:\WINDOWS\System32\WindowsPowerShell\v1.0\;C:\WINDOWS\System32\OpenSSH\;C:\maven\apache-maven-3.8.4\bin;C:\Program Files\Java\jdk-17.0.2\bin;C:\Program Files\Git\cmd;C:\Program Files\MySQL\MySQL Shell 8.0\bin\;C:\Users\JAKARIA\AppData\Local\Microsoft\WindowsApps;;C:\Users\JAKARIA\AppData\Local\Programs\Microsoft VS Code\bin
USERNAME=JAKARIA
OS=Windows_NT
PROCESSOR_IDENTIFIER=Intel64 Family 6 Model 142 Stepping 11, GenuineIntel



---------------  S Y S T E M  ---------------

OS:
 Windows 11 , 64 bit Build 22000 (10.0.22000.708)
OS uptime: 0 days 2:16 hours

CPU: total 8 (initial active 8) (4 cores per cpu, 2 threads per core) family 6 model 142 stepping 11 microcode 0xea, cx8, cmov, fxsr, ht, mmx, 3dnowpref, sse, sse2, sse3, ssse3, sse4.1, sse4.2, popcnt, lzcnt, tsc, tscinvbit, avx, avx2, aes, erms, clmul, bmi1, bmi2, adx, fma, vzeroupper, clflush, clflushopt

Memory: 4k page, system-wide physical 3947M (444M free)
TotalPageFile size 16235M (AvailPageFile size 0M)
current process WorkingSet (physical memory assigned to process): 31M, peak: 31M
current process commit charge ("private bytes"): 141M, peak: 141M

vm_info: Java HotSpot(TM) 64-Bit Server VM (17.0.2+8-LTS-86) for windows-amd64 JRE (17.0.2+8-LTS-86), built on Dec  7 2021 21:51:03 by "mach5one" with MS VC++ 16.8 / 16.9 (VS2019)

END.
